<?xml version="1.0" encoding="UTF-8"?>
<!-- Generated by org.testng.reporters.JUnitReportReporter -->
<testsuite hostname="LAPTOP-1UFQG6B3" failures="0" tests="3" name="testCases.TC_003_LoginDDT" time="63.892" errors="0" timestamp="2023-07-26T15:05:31 IST" skipped="0">
  <testcase classname="testCases.TC_003_LoginDDT" name="test_loginDDT" time="21.120"/>
  <system-out/>
  <testcase classname="testCases.TC_003_LoginDDT" name="test_loginDDT" time="21.525"/>
  <system-out/>
  <testcase classname="testCases.TC_003_LoginDDT" name="test_loginDDT" time="21.247"/>
  <system-out/>
</testsuite> <!-- testCases.TC_003_LoginDDT -->
