<?xml version="1.0" encoding="UTF-8"?>
<!-- Generated by org.testng.reporters.JUnitReportReporter -->
<testsuite hostname="LAPTOP-1UFQG6B3" failures="0" tests="1" name="testCases.TC_002_LoginTest" time="0.767" errors="0" timestamp="2023-07-26T18:54:46 IST" skipped="0">
  <testcase classname="testCases.TC_002_LoginTest" name="Test_Login" time="0.767"/>
</testsuite> <!-- testCases.TC_002_LoginTest -->
